[debug] [2022-05-27T03:43:27.189Z] ----------------------------------------------------------------------
[debug] [2022-05-27T03:43:27.192Z] Command:       /usr/local/bin/node /usr/local/bin/firebase deploy --token 1//0gGOOfl13R5GbCgYIARAAGBASNwF-L9IrFTllvwsRo8BYvvPCIUMZSov7e_Fyuf9b6rbNOzA_y787UIVeFHseQMoEcnHUGiYWpfE
[debug] [2022-05-27T03:43:27.193Z] CLI Version:   11.0.1
[debug] [2022-05-27T03:43:27.193Z] Platform:      darwin
[debug] [2022-05-27T03:43:27.193Z] Node Version:  v16.14.0
[debug] [2022-05-27T03:43:27.208Z] Time:          Fri May 27 2022 11:43:27 GMT+0800 (Central Indonesia Time)
[debug] [2022-05-27T03:43:27.208Z] ----------------------------------------------------------------------
[debug] 
[debug] [2022-05-27T03:43:27.572Z] > command requires scopes: ["email","openid","https://www.googleapis.com/auth/cloudplatformprojects.readonly","https://www.googleapis.com/auth/firebase","https://www.googleapis.com/auth/cloud-platform"]
[debug] [2022-05-27T03:43:27.573Z] > authorizing via --token option
[debug] [2022-05-27T03:43:27.573Z] [iam] checking project ryan-binar-challenge-7 for permissions ["firebase.projects.get","firebasehosting.sites.update"]
[debug] [2022-05-27T03:43:27.581Z] > refreshing access token with scopes: []
[debug] [2022-05-27T03:43:27.582Z] >>> HTTP REQUEST POST https://www.googleapis.com/oauth2/v3/token  
 <request body omitted>
[debug] [2022-05-27T03:43:28.008Z] <<< HTTP RESPONSE 200 {"cache-control":"no-cache, no-store, max-age=0, must-revalidate","date":"Fri, 27 May 2022 03:43:28 GMT","expires":"Mon, 01 Jan 1990 00:00:00 GMT","pragma":"no-cache","content-type":"application/json; charset=utf-8","vary":"X-Origin, Referer, Origin,Accept-Encoding","server":"scaffolding on HTTPServer2","x-xss-protection":"0","x-frame-options":"SAMEORIGIN","x-content-type-options":"nosniff","alt-svc":"h3=\":443\"; ma=2592000,h3-29=\":443\"; ma=2592000,h3-Q050=\":443\"; ma=2592000,h3-Q046=\":443\"; ma=2592000,h3-Q043=\":443\"; ma=2592000,quic=\":443\"; ma=2592000; v=\"46,43\"","accept-ranges":"none","transfer-encoding":"chunked"}
[debug] [2022-05-27T03:43:28.013Z] >>> [apiv2][query] POST https://cloudresourcemanager.googleapis.com/v1/projects/ryan-binar-challenge-7:testIamPermissions [none]
[debug] [2022-05-27T03:43:28.013Z] >>> [apiv2][body] POST https://cloudresourcemanager.googleapis.com/v1/projects/ryan-binar-challenge-7:testIamPermissions {"permissions":["firebase.projects.get","firebasehosting.sites.update"]}
[debug] [2022-05-27T03:43:28.510Z] <<< [apiv2][status] POST https://cloudresourcemanager.googleapis.com/v1/projects/ryan-binar-challenge-7:testIamPermissions 200
[debug] [2022-05-27T03:43:28.511Z] <<< [apiv2][body] POST https://cloudresourcemanager.googleapis.com/v1/projects/ryan-binar-challenge-7:testIamPermissions {"permissions":["firebase.projects.get","firebasehosting.sites.update"]}
[debug] [2022-05-27T03:43:28.512Z] >>> [apiv2][query] GET https://firebase.googleapis.com/v1beta1/projects/ryan-binar-challenge-7 [none]
[debug] [2022-05-27T03:43:29.142Z] <<< [apiv2][status] GET https://firebase.googleapis.com/v1beta1/projects/ryan-binar-challenge-7 200
[debug] [2022-05-27T03:43:29.142Z] <<< [apiv2][body] GET https://firebase.googleapis.com/v1beta1/projects/ryan-binar-challenge-7 {"projectId":"ryan-binar-challenge-7","projectNumber":"580581086244","displayName":"ryan-binar-challenge-7","name":"projects/ryan-binar-challenge-7","resources":{"hostingSite":"ryan-binar-challenge-7"},"state":"ACTIVE"}
[info] 
[info] === Deploying to 'ryan-binar-challenge-7'...
[info] 
[info] i  deploying hosting 
[debug] [2022-05-27T03:43:29.145Z] >>> [apiv2][query] GET https://firebase.googleapis.com/v1beta1/projects/ryan-binar-challenge-7 [none]
[debug] [2022-05-27T03:43:29.855Z] <<< [apiv2][status] GET https://firebase.googleapis.com/v1beta1/projects/ryan-binar-challenge-7 200
[debug] [2022-05-27T03:43:29.855Z] <<< [apiv2][body] GET https://firebase.googleapis.com/v1beta1/projects/ryan-binar-challenge-7 {"projectId":"ryan-binar-challenge-7","projectNumber":"580581086244","displayName":"ryan-binar-challenge-7","name":"projects/ryan-binar-challenge-7","resources":{"hostingSite":"ryan-binar-challenge-7"},"state":"ACTIVE"}
[debug] [2022-05-27T03:43:29.858Z] >>> [apiv2][query] POST https://firebasehosting.googleapis.com/v1beta1/projects/580581086244/sites/ryan-binar-challenge-7/versions [none]
[debug] [2022-05-27T03:43:29.858Z] >>> [apiv2][body] POST https://firebasehosting.googleapis.com/v1beta1/projects/580581086244/sites/ryan-binar-challenge-7/versions {"config":{"rewrites":[{"glob":"**","path":"/index.html"}]},"labels":{"deployment-tool":"cli-firebase"}}
[debug] [2022-05-27T03:43:32.120Z] <<< [apiv2][status] POST https://firebasehosting.googleapis.com/v1beta1/projects/580581086244/sites/ryan-binar-challenge-7/versions 200
[debug] [2022-05-27T03:43:32.120Z] <<< [apiv2][body] POST https://firebasehosting.googleapis.com/v1beta1/projects/580581086244/sites/ryan-binar-challenge-7/versions {"name":"projects/580581086244/sites/ryan-binar-challenge-7/versions/a82408aa8a192430","status":"CREATED","config":{"rewrites":[{"glob":"**","path":"/index.html"}]},"labels":{"deployment-tool":"cli-firebase"}}
[info] i  hosting[ryan-binar-challenge-7]: beginning deploy... 
[info] i  hosting[ryan-binar-challenge-7]: found 24 files in build 
[debug] [2022-05-27T03:43:32.132Z] [hosting] uploading with 200 concurrency
[debug] [2022-05-27T03:43:33.203Z] [hosting] hash cache [YnVpbGQ] stored for 24 files
[debug] [2022-05-27T03:43:33.204Z] [hosting][hash queue][FINAL] {"max":1059,"min":28,"avg":120.58333333333333,"active":0,"complete":24,"success":24,"errored":0,"retried":0,"total":24,"elapsed":1068}
[debug] [2022-05-27T03:43:33.204Z] >>> [apiv2][query] POST https://firebasehosting.googleapis.com/v1beta1/projects/580581086244/sites/ryan-binar-challenge-7/versions/a82408aa8a192430:populateFiles [none]
[debug] [2022-05-27T03:43:33.204Z] >>> [apiv2][body] POST https://firebasehosting.googleapis.com/v1beta1/projects/580581086244/sites/ryan-binar-challenge-7/versions/a82408aa8a192430:populateFiles {"files":{"/asset-manifest.json":"b99cbfeb16e959f4de2836dbb4399952a9cbf8a6bbdf59a19f41591f496c27c0","/index.html":"2e55427814c08a48ec5039973407f0de3be623f96041f32d762237d7fe9819e5","/manifest.json":"341d52628782f8ac9290bbfc43298afccb47b7cbfcee146ae30cf0f46bc30900","/logo512.png":"191fc21360b4ccfb1cda11a1efb97f489ed22672ca83f4064316802bbfdd750e","/robots.txt":"391d14b3c2f8c9143a27a28c7399585142228d4d1bdbe2c87ac946de411fa9a2","/static/js/main.047ade5f.js.LICENSE.txt":"53515b25a75468426f0263176df0bb69127f3eb19f7955516354e50e778fd5d7","/static/media/facebook.c7df0812bd40192c4522cd6688c14a8e.svg":"a5456bfe0fc989b226570807946ddf44f675680bbe1ea631cf350b64ac2e462d","/static/media/instagram.f1a71ec4ff8e287690f2dd235cce84d6.svg":"850c7e2d0618873599845e6594711764f4b3a1c382136ba93ee1af0fbd06e5c1","/static/media/next.67b0b0d84d03a118e884e68abb733985.svg":"993b4c24d7bca96c89d5b2f544715c6ce5c5689fa6bbb3f5ec1983f1e067dc8a","/static/media/prev.a47083939f7af3b81dd57da5d737f1f8.svg":"1902bb04d6534733ca03fe3c7dcf918ca155cfe26dfbc27ee62aae228962ed64","/static/media/star.58de4a813a731e234766f7a2d8d42f51.svg":"a379bfe6bcfc921f10eb1e0bbf0ab5192ce1548989178228cfdb1bead2243231","/static/media/twitch.55dcd5c66dbb044babac3627fa5eff0e.svg":"ce716416ea121dab6be5d6fc86700ebede042edc72d40861d7d7dbe91ad50654","/static/media/twitter.67e53b3556d1cdf086d5b001fa3326ef.svg":"9d3df6f2abf8886b50cd1806030adfbbd86066f75a1dd08f39bc93e9b4aefee0","/favicon.ico":"b72f7455f00e4e58792d2bca892abb068e2213838c0316d6b7a0d6d16acd1955","/static/media/email.a86069bb6aa24983f561993c0caab5ab.svg":"05b7d248fc054ca45aa05e074e91fa0c8218f818803fbebb24f60d61093ac193","/logo192.png":"caff018b7f1e8fd481eb1c50d75b0ef236bcd5078b1d15c8bb348453fee30293","/static/media/bootstrap-icons.a13b815539b49de48d23.woff2":"39dc84e55d95feeeb029863207e279a3998e3d356652767f45c8e202b1735aa5","/static/media/bootstrap-icons.c1d7432ee75fa194e499.woff":"7c939453c1011ba99201e1bb1e69047f3c3a0edbc0d1e1845ff030389e62580d","/static/media/service.4c09007d17b15729a903.png":"5669f7ade1cdf3da509a4e7e8d0aa3ae9bce354b57a43d50e0f9cb5eaeb7f6d5","/static/media/hero.1300d5f458babfb70080.png":"65341232e1f378b1acbb0243f69ca081f994983d7e43463a769078a66de1b586","/static/css/main.78ce65c6.css":"461561403cc0d3da57d5e27283e9f361cf2a5c78dee0fd4f303e88e407bec39e","/static/js/main.047ade5f.js":"18888e8b7980c4b88350abc5ef06f029bdee9d5a670566aaabefd12f48818726","/static/css/main.78ce65c6.css.map":"f6015e1e9b2496bbba521e760ca5f6a8d3b9ee545bd2fdf657531cb0134926c4","/static/js/main.047ade5f.js.map":"de70fc7a7421463cb2b9ffe165449e280c8d14d75b1b613c4ede7a394c7165e6"}}
